TN:
SF:src/api/search.ts
FN:2,fetchSuggestions
FN:4,(anonymous_9)
FN:9,fetchProductDetailById
FN:11,(anonymous_12)
FNF:4
FNH:1
FNDA:8,fetchSuggestions
FNDA:0,(anonymous_9)
FNDA:0,fetchProductDetailById
FNDA:0,(anonymous_12)
DA:2,5
DA:3,8
DA:4,0
DA:5,0
DA:6,0
DA:9,5
DA:10,0
DA:11,0
DA:12,0
DA:13,0
LF:10
LH:3
BRDA:5,0,0,0
BRDA:5,0,1,0
BRDA:12,1,0,0
BRDA:12,1,1,0
BRF:4
BRH:0
end_of_record
TN:
SF:src/components/Header.tsx
FN:11,HeaderLogo
FN:35,HeaderSearch
FN:43,HeaderActions
FN:78,Header
FNF:4
FNH:4
FNDA:9,HeaderLogo
FNDA:9,HeaderSearch
FNDA:9,HeaderActions
FNDA:9,Header
DA:1,1
DA:2,1
DA:3,1
DA:6,1
DA:8,1
DA:9,1
DA:12,9
DA:36,9
DA:44,9
DA:78,1
DA:79,9
LF:11
LH:11
BRF:0
BRH:0
end_of_record
TN:
SF:src/components/icons/CartIcon.tsx
FN:3,(anonymous_0)
FNF:1
FNH:1
FNDA:9,(anonymous_0)
DA:3,1
DA:4,9
DA:26,1
LF:3
LH:3
BRF:0
BRH:0
end_of_record
TN:
SF:src/components/icons/HamburgerIcon.tsx
FN:3,(anonymous_0)
FNF:1
FNH:1
FNDA:9,(anonymous_0)
DA:3,1
DA:4,9
DA:50,1
LF:3
LH:3
BRF:0
BRH:0
end_of_record
TN:
SF:src/components/icons/SearchSuggestionIcon.tsx
FN:3,(anonymous_0)
FNF:1
FNH:0
FNDA:0,(anonymous_0)
DA:3,4
DA:4,0
DA:20,4
LF:3
LH:2
BRDA:5,0,0,0
BRDA:5,0,1,0
BRDA:6,1,0,0
BRDA:6,1,1,0
BRDA:15,2,0,0
BRDA:15,2,1,0
BRF:6
BRH:0
end_of_record
TN:
SF:src/components/product/ProductCard.tsx
FN:30,LikeButton
FN:57,Badge
FN:69,PriceBlock
FN:120,ProductCard
FN:137,(anonymous_5)
FN:143,(anonymous_6)
FN:145,(anonymous_7)
FNF:7
FNH:6
FNDA:18,LikeButton
FNDA:9,Badge
FNDA:9,PriceBlock
FNDA:9,ProductCard
FNDA:0,(anonymous_5)
FNDA:1,(anonymous_6)
FNDA:1,(anonymous_7)
DA:1,2
DA:3,2
DA:4,2
DA:5,2
DA:41,18
DA:58,9
DA:59,8
DA:87,9
DA:120,2
DA:134,9
DA:135,9
DA:137,9
DA:139,0
DA:140,0
DA:143,9
DA:144,1
DA:145,1
DA:148,9
LF:18
LH:16
BRDA:34,0,0,0
BRDA:44,1,0,2
BRDA:44,1,1,16
BRDA:48,2,0,2
BRDA:48,2,1,16
BRDA:58,3,0,1
BRDA:58,3,1,8
BRDA:58,4,0,9
BRDA:58,4,1,2
BRDA:64,5,0,7
BRDA:64,5,1,1
BRDA:89,6,0,9
BRDA:89,6,1,7
BRDA:89,6,2,7
BRDA:91,7,0,7
BRDA:91,7,1,0
BRDA:95,8,0,7
BRDA:95,8,1,2
BRDA:96,9,0,9
BRDA:96,9,1,0
BRDA:98,10,0,9
BRDA:98,10,1,7
BRDA:101,11,0,7
BRDA:101,11,1,2
BRDA:101,12,0,9
BRDA:101,12,1,7
BRDA:101,12,2,7
BRDA:106,13,0,9
BRDA:106,13,1,7
BRDA:106,13,2,7
BRDA:111,14,0,9
BRDA:111,14,1,1
BRDA:113,15,0,1
BRDA:113,15,1,0
BRDA:163,16,0,9
BRDA:163,16,1,0
BRDA:186,17,0,9
BRDA:186,17,1,7
BRDA:186,17,2,7
BRDA:186,17,3,7
BRDA:203,18,0,9
BRDA:203,18,1,7
BRDA:203,18,2,7
BRDA:203,18,3,7
BRF:44
BRH:39
end_of_record
TN:
SF:src/components/product/ProductCardSkeleton.tsx
FN:3,(anonymous_0)
FN:17,(anonymous_1)
FN:35,(anonymous_2)
FNF:3
FNH:0
FNDA:0,(anonymous_0)
FNDA:0,(anonymous_1)
FNDA:0,(anonymous_2)
DA:3,1
DA:4,0
DA:18,0
DA:36,0
DA:48,1
LF:5
LH:2
BRF:0
BRH:0
end_of_record
TN:
SF:src/components/product/ProductDetailSkeleton.tsx
FN:1,(anonymous_0)
FN:19,(anonymous_1)
FN:39,(anonymous_2)
FN:60,(anonymous_3)
FNF:4
FNH:4
FNDA:9,(anonymous_0)
FNDA:36,(anonymous_1)
FNDA:45,(anonymous_2)
FNDA:27,(anonymous_3)
DA:1,1
DA:2,9
DA:20,36
DA:40,45
DA:61,27
DA:79,1
LF:6
LH:6
BRF:0
BRH:0
end_of_record
TN:
SF:src/components/product/ProductRating.tsx
FN:9,(anonymous_0)
FN:16,(anonymous_1)
FNF:2
FNH:2
FNDA:23,(anonymous_0)
FNDA:115,(anonymous_1)
DA:9,3
DA:10,23
DA:17,115
DA:49,3
LF:4
LH:4
BRDA:9,0,0,23
BRDA:19,1,0,115
BRDA:19,1,1,0
BRDA:20,2,0,115
BRDA:20,2,1,0
BRDA:24,3,0,115
BRDA:24,3,1,0
BRF:7
BRH:4
end_of_record
TN:
SF:src/components/productListUI/BestInstallmentToggle.tsx
FN:3,BestInstallmentToggle
FN:14,(anonymous_1)
FN:14,(anonymous_2)
FNF:3
FNH:1
FNDA:4,BestInstallmentToggle
FNDA:0,(anonymous_1)
FNDA:0,(anonymous_2)
DA:1,1
DA:3,1
DA:4,4
DA:6,4
DA:14,0
LF:5
LH:4
BRDA:18,0,0,0
BRDA:18,0,1,4
BRDA:23,1,0,0
BRDA:23,1,1,4
BRDA:26,2,0,0
BRDA:26,2,1,4
BRF:6
BRH:3
end_of_record
TN:
SF:src/components/productListUI/FilterButton.tsx
FN:3,FilterButton
FNF:1
FNH:1
FNDA:4,FilterButton
DA:1,1
DA:3,1
DA:4,4
LF:3
LH:3
BRF:0
BRH:0
end_of_record
TN:
SF:src/components/productListUI/Paginator.tsx
FN:3,Paginator
FNF:1
FNH:1
FNDA:4,Paginator
DA:1,1
DA:3,1
DA:4,4
LF:3
LH:3
BRDA:3,0,0,0
BRF:1
BRH:0
end_of_record
TN:
SF:src/components/productListUI/ProductListHeader.tsx
FN:5,ProductListHeader
FNF:1
FNH:1
FNDA:4,ProductListHeader
DA:1,1
DA:2,1
DA:3,1
DA:5,1
DA:6,4
LF:5
LH:5
BRF:0
BRH:0
end_of_record
TN:
SF:src/components/productListUI/RelatedSearches.tsx
FN:15,RelatedSearches
FN:20,(anonymous_2)
FN:24,(anonymous_3)
FNF:3
FNH:2
FNDA:4,RelatedSearches
FNDA:32,(anonymous_2)
FNDA:0,(anonymous_3)
DA:1,1
DA:2,1
DA:4,1
DA:15,1
DA:16,4
DA:17,4
DA:21,32
DA:25,0
DA:26,0
LF:9
LH:7
BRDA:32,0,0,32
BRDA:32,0,1,28
BRF:2
BRH:2
end_of_record
TN:
SF:src/components/productListUI/ShippingInfoAlert.tsx
FN:3,ShippingInfoAlert
FNF:1
FNH:1
FNDA:4,ShippingInfoAlert
DA:1,1
DA:3,1
DA:4,4
LF:3
LH:3
BRF:0
BRH:0
end_of_record
TN:
SF:src/components/productListUI/SortButton.tsx
FN:3,SortButton
FNF:1
FNH:1
FNDA:4,SortButton
DA:1,1
DA:3,1
DA:4,4
LF:3
LH:3
BRF:0
BRH:0
end_of_record
TN:
SF:src/components/productListUI/SortDropdown.tsx
FN:11,SortDropdown
FN:22,(anonymous_1)
FN:22,(anonymous_2)
FN:34,(anonymous_3)
FN:52,(anonymous_4)
FNF:5
FNH:1
FNDA:1,SortDropdown
FNDA:0,(anonymous_1)
FNDA:0,(anonymous_2)
FNDA:0,(anonymous_3)
FNDA:0,(anonymous_4)
DA:1,1
DA:2,1
DA:3,1
DA:5,1
DA:11,1
DA:12,1
DA:13,1
DA:14,1
DA:16,1
DA:22,0
DA:35,0
DA:36,0
DA:37,0
DA:38,0
DA:53,0
DA:54,0
LF:16
LH:9
BRDA:26,0,0,0
BRDA:26,0,1,1
BRDA:32,1,0,1
BRDA:32,1,1,0
BRDA:42,2,0,0
BRDA:42,2,1,0
BRDA:43,3,0,0
BRDA:43,3,1,0
BRDA:43,4,0,0
BRDA:43,4,1,0
BRDA:45,5,0,0
BRDA:45,5,1,0
BRDA:47,6,0,0
BRDA:47,6,1,0
BRDA:48,7,0,0
BRDA:48,7,1,0
BRF:16
BRH:2
end_of_record
TN:
SF:src/components/search/SuggestionError.tsx
FN:6,SuggestionError
FNF:1
FNH:0
FNDA:0,SuggestionError
DA:6,4
DA:10,0
LF:2
LH:1
BRDA:7,0,0,0
BRF:1
BRH:0
end_of_record
TN:
SF:src/components/search/SuggestionHistory.tsx
FN:8,SuggestionHistory
FN:11,(anonymous_1)
FN:17,(anonymous_2)
FNF:3
FNH:0
FNDA:0,SuggestionHistory
FNDA:0,(anonymous_1)
FNDA:0,(anonymous_2)
DA:1,4
DA:8,4
DA:9,0
DA:12,0
DA:17,0
LF:5
LH:2
BRF:0
BRH:0
end_of_record
TN:
SF:src/components/search/SuggestionList.tsx
FN:11,SuggestionList
FN:19,(anonymous_2)
FN:25,(anonymous_3)
FNF:3
FNH:1
FNDA:1,SuggestionList
FNDA:0,(anonymous_2)
FNDA:0,(anonymous_3)
DA:1,4
DA:2,4
DA:11,4
DA:17,1
DA:20,0
DA:26,0
DA:27,0
LF:7
LH:4
BRDA:26,0,0,0
BRDA:26,0,1,0
BRDA:26,1,0,0
BRDA:26,1,1,0
BRF:4
BRH:0
end_of_record
TN:
SF:src/components/search/SuggestionLoading.tsx
FN:7,SuggestionLoading
FNF:1
FNH:0
FNDA:0,SuggestionLoading
DA:1,4
DA:7,4
DA:8,0
LF:3
LH:2
BRDA:7,0,0,0
BRF:1
BRH:0
end_of_record
TN:
SF:src/components/search/SuggestionNoResults.tsx
FN:1,SuggestionNoResults
FNF:1
FNH:0
FNDA:0,SuggestionNoResults
DA:1,4
DA:2,0
LF:2
LH:1
BRF:0
BRH:0
end_of_record
TN:
SF:src/components/search/SuggestionSkeleton.tsx
FN:3,(anonymous_0)
FN:5,(anonymous_1)
FNF:2
FNH:0
FNDA:0,(anonymous_0)
FNDA:0,(anonymous_1)
DA:3,4
DA:4,0
DA:6,0
DA:14,4
LF:4
LH:2
BRDA:3,0,0,0
BRF:1
BRH:0
end_of_record
TN:
SF:src/features/product/ProductDetail.tsx
FN:45,(anonymous_1)
FN:58,(anonymous_2)
FN:62,(anonymous_3)
FN:78,(anonymous_4)
FN:83,(anonymous_5)
FN:88,(anonymous_6)
FN:114,(anonymous_7)
FN:117,(anonymous_8)
FN:123,(anonymous_9)
FN:134,(anonymous_10)
FN:146,(anonymous_11)
FN:150,(anonymous_12)
FN:167,(anonymous_13)
FN:186,(anonymous_14)
FN:249,(anonymous_15)
FN:255,(anonymous_16)
FN:276,(anonymous_17)
FN:285,(anonymous_18)
FN:295,(anonymous_19)
FN:300,(anonymous_20)
FN:304,(anonymous_21)
FN:305,(anonymous_22)
FN:314,(anonymous_23)
FN:316,(anonymous_24)
FN:322,(anonymous_25)
FN:324,(anonymous_26)
FN:329,(anonymous_27)
FN:331,(anonymous_28)
FN:337,(anonymous_29)
FNF:29
FNH:13
FNDA:9,(anonymous_1)
FNDA:9,(anonymous_2)
FNDA:0,(anonymous_3)
FNDA:0,(anonymous_4)
FNDA:9,(anonymous_5)
FNDA:0,(anonymous_6)
FNDA:0,(anonymous_7)
FNDA:0,(anonymous_8)
FNDA:0,(anonymous_9)
FNDA:0,(anonymous_10)
FNDA:0,(anonymous_11)
FNDA:0,(anonymous_12)
FNDA:9,(anonymous_13)
FNDA:45,(anonymous_14)
FNDA:9,(anonymous_15)
FNDA:18,(anonymous_16)
FNDA:9,(anonymous_17)
FNDA:18,(anonymous_18)
FNDA:9,(anonymous_19)
FNDA:9,(anonymous_20)
FNDA:0,(anonymous_21)
FNDA:9,(anonymous_22)
FNDA:0,(anonymous_23)
FNDA:0,(anonymous_24)
FNDA:0,(anonymous_25)
FNDA:0,(anonymous_26)
FNDA:18,(anonymous_27)
FNDA:0,(anonymous_28)
FNDA:0,(anonymous_29)
DA:1,1
DA:2,1
DA:3,1
DA:4,1
DA:12,1
DA:13,1
DA:14,1
DA:45,1
DA:55,9
DA:59,9
DA:62,0
DA:78,0
DA:84,9
DA:88,0
DA:114,1
DA:115,0
DA:117,0
DA:124,0
DA:125,0
DA:135,0
DA:136,0
DA:146,0
DA:151,0
DA:152,0
DA:167,9
DA:187,45
DA:249,1
DA:250,9
DA:256,18
DA:257,18
DA:258,18
DA:259,18
DA:260,18
DA:276,1
DA:277,9
DA:285,1
DA:286,18
DA:287,18
DA:288,18
DA:289,18
DA:290,18
DA:291,18
DA:292,18
DA:293,18
DA:295,18
DA:296,9
DA:297,9
DA:298,9
DA:299,9
DA:301,9
DA:302,9
DA:304,0
DA:306,9
DA:307,9
DA:311,18
DA:313,18
DA:315,0
DA:316,0
DA:321,18
DA:323,0
DA:324,0
DA:329,18
DA:330,18
DA:331,0
DA:332,0
DA:333,0
DA:334,0
DA:336,0
DA:337,0
DA:340,18
DA:341,9
DA:343,9
DA:344,0
DA:351,9
DA:411,1
LF:75
LH:51
BRDA:61,0,0,9
BRDA:61,0,1,0
BRDA:71,1,0,9
BRDA:71,1,1,0
BRDA:73,2,0,9
BRDA:73,2,1,9
BRDA:86,3,0,9
BRDA:86,3,1,0
BRDA:92,4,0,9
BRDA:92,4,1,0
BRDA:172,5,0,9
BRDA:172,5,1,0
BRDA:175,6,0,9
BRDA:175,6,1,9
BRDA:194,7,0,45
BRDA:194,7,1,0
BRDA:216,8,0,9
BRDA:216,8,1,9
BRDA:216,8,2,9
BRDA:224,9,0,9
BRDA:224,9,1,9
BRDA:230,10,0,9
BRDA:230,10,1,9
BRDA:230,11,0,0
BRDA:230,11,1,9
BRDA:230,12,0,9
BRDA:230,12,1,9
BRDA:255,13,0,0
BRDA:255,13,1,9
BRDA:255,14,0,9
BRDA:255,14,1,9
BRDA:257,15,0,0
BRDA:257,15,1,18
BRDA:258,16,0,0
BRDA:258,16,1,18
BRDA:259,17,0,0
BRDA:259,17,1,18
BRDA:299,18,0,9
BRDA:299,18,1,0
BRDA:302,19,0,9
BRDA:302,19,1,0
BRDA:311,20,0,18
BRDA:311,20,1,9
BRDA:311,21,0,9
BRDA:311,21,1,9
BRDA:311,22,0,18
BRDA:311,22,1,9
BRDA:315,23,0,0
BRDA:315,23,1,0
BRDA:315,24,0,0
BRDA:315,24,1,0
BRDA:316,25,0,0
BRDA:316,25,1,0
BRDA:323,26,0,0
BRDA:323,26,1,0
BRDA:323,27,0,0
BRDA:323,27,1,0
BRDA:324,28,0,0
BRDA:324,28,1,0
BRDA:330,29,0,18
BRDA:330,29,1,0
BRDA:332,30,0,0
BRDA:332,30,1,0
BRDA:333,31,0,0
BRDA:333,31,1,0
BRDA:334,32,0,0
BRDA:334,32,1,0
BRDA:340,33,0,9
BRDA:340,33,1,9
BRDA:340,34,0,18
BRDA:340,34,1,9
BRDA:343,35,0,0
BRDA:343,35,1,9
BRDA:343,36,0,9
BRDA:343,36,1,9
BRDA:346,37,0,0
BRDA:346,37,1,0
BRDA:358,38,0,9
BRDA:358,38,1,0
BRDA:361,39,0,9
BRDA:361,39,1,9
BRDA:367,40,0,9
BRDA:367,40,1,0
BRDA:383,41,0,9
BRDA:383,41,1,9
BRF:85
BRH:48
end_of_record
TN:
SF:src/features/product/ProductList.tsx
FN:14,ProductList
FN:29,(anonymous_2)
FN:36,(anonymous_3)
FN:39,(anonymous_4)
FN:43,(anonymous_5)
FN:49,(anonymous_6)
FN:67,(anonymous_7)
FN:78,(anonymous_8)
FNF:8
FNH:4
FNDA:4,ProductList
FNDA:4,(anonymous_2)
FNDA:0,(anonymous_3)
FNDA:0,(anonymous_4)
FNDA:0,(anonymous_5)
FNDA:4,(anonymous_6)
FNDA:0,(anonymous_7)
FNDA:2,(anonymous_8)
DA:1,1
DA:2,1
DA:3,1
DA:4,1
DA:5,1
DA:6,1
DA:7,1
DA:8,1
DA:9,1
DA:10,1
DA:11,1
DA:12,1
DA:14,1
DA:15,4
DA:16,4
DA:27,4
DA:29,4
DA:30,4
DA:31,0
DA:32,0
DA:33,0
DA:34,0
DA:35,0
DA:37,0
DA:40,0
DA:41,0
DA:44,0
DA:49,4
DA:50,4
DA:51,3
DA:53,1
DA:57,4
DA:68,0
DA:79,2
LF:34
LH:24
BRDA:30,0,0,0
BRDA:30,0,1,4
BRDA:50,1,0,3
BRDA:50,1,1,1
BRDA:65,2,0,0
BRDA:65,2,1,4
BRDA:71,3,0,1
BRDA:71,3,1,3
BRDA:73,4,0,2
BRDA:73,4,1,1
BRDA:79,5,0,2
BRDA:79,5,1,0
BRDA:79,6,0,2
BRDA:79,6,1,2
BRDA:88,7,0,0
BRDA:88,7,1,4
BRF:16
BRH:12
end_of_record
TN:
SF:src/features/search/DesktopSearchBar.tsx
FN:14,DesktopSearchBar
FN:38,(anonymous_9)
FN:44,(anonymous_10)
FN:44,(anonymous_11)
FN:48,(anonymous_12)
FN:59,(anonymous_13)
FN:67,(anonymous_14)
FN:67,(anonymous_15)
FN:84,(anonymous_16)
FN:99,(anonymous_17)
FN:111,(anonymous_18)
FN:119,(anonymous_19)
FN:125,(anonymous_20)
FN:150,(anonymous_21)
FN:202,(anonymous_22)
FN:218,(anonymous_23)
FN:219,(anonymous_24)
FN:229,(anonymous_25)
FNF:18
FNH:12
FNDA:39,DesktopSearchBar
FNDA:23,(anonymous_9)
FNDA:3,(anonymous_10)
FNDA:3,(anonymous_11)
FNDA:0,(anonymous_12)
FNDA:23,(anonymous_13)
FNDA:2,(anonymous_14)
FNDA:2,(anonymous_15)
FNDA:2,(anonymous_16)
FNDA:1,(anonymous_17)
FNDA:0,(anonymous_18)
FNDA:1,(anonymous_19)
FNDA:0,(anonymous_20)
FNDA:1,(anonymous_21)
FNDA:1,(anonymous_22)
FNDA:0,(anonymous_23)
FNDA:0,(anonymous_24)
FNDA:0,(anonymous_25)
DA:1,3
DA:3,3
DA:4,3
DA:5,3
DA:6,3
DA:7,3
DA:8,3
DA:9,3
DA:10,3
DA:11,3
DA:12,3
DA:14,3
DA:31,39
DA:33,39
DA:34,39
DA:35,39
DA:36,39
DA:38,39
DA:39,23
DA:40,3
DA:44,39
DA:45,3
DA:46,3
DA:47,3
DA:48,0
DA:49,0
DA:51,3
DA:55,3
DA:59,39
DA:60,23
DA:61,20
DA:62,20
DA:64,3
DA:67,39
DA:68,2
DA:69,2
DA:70,2
DA:71,2
DA:72,0
DA:73,0
DA:75,2
DA:79,2
DA:83,39
DA:85,2
DA:86,2
DA:87,2
DA:88,1
DA:89,1
DA:90,1
DA:91,1
DA:92,1
DA:98,39
DA:100,1
DA:101,1
DA:102,1
DA:103,1
DA:104,1
DA:105,1
DA:111,39
DA:112,0
DA:113,0
DA:114,0
DA:115,0
DA:116,0
DA:119,39
DA:120,1
DA:121,1
DA:122,1
DA:123,0
DA:126,0
DA:127,0
DA:128,0
DA:132,1
DA:133,0
DA:135,1
DA:150,39
DA:151,1
DA:185,39
DA:203,1
DA:204,1
DA:205,1
DA:206,0
DA:208,1
DA:218,0
DA:219,0
DA:229,0
LF:86
LH:68
BRDA:39,0,0,3
BRDA:39,0,1,20
BRDA:39,1,0,23
BRDA:39,1,1,23
BRDA:52,2,0,3
BRDA:52,2,1,0
BRDA:60,3,0,20
BRDA:60,3,1,3
BRDA:76,4,0,2
BRDA:76,4,1,0
BRDA:87,5,0,1
BRDA:87,5,1,1
BRDA:101,6,0,1
BRDA:101,6,1,0
BRDA:101,7,0,1
BRDA:101,7,1,1
BRDA:120,8,0,1
BRDA:120,8,1,1
BRDA:121,9,0,0
BRDA:121,9,1,1
BRDA:122,10,0,0
BRDA:122,10,1,1
BRDA:132,11,0,0
BRDA:132,11,1,1
BRDA:132,12,0,1
BRDA:132,12,1,1
BRDA:132,12,2,1
BRDA:137,13,0,0
BRDA:137,13,1,1
BRDA:205,14,0,0
BRDA:205,14,1,1
BRDA:229,15,0,0
BRDA:229,15,1,0
BRDA:229,16,0,0
BRDA:229,16,1,0
BRDA:253,17,0,39
BRDA:253,17,1,1
BRF:37
BRH:25
end_of_record
TN:
SF:src/features/search/MobileSearchBar.tsx
FN:16,MobileSearchBar
FN:40,(anonymous_9)
FN:44,(anonymous_10)
FN:50,(anonymous_11)
FN:50,(anonymous_12)
FN:54,(anonymous_13)
FN:65,(anonymous_14)
FN:75,(anonymous_15)
FN:75,(anonymous_16)
FN:91,(anonymous_17)
FN:103,(anonymous_18)
FN:110,(anonymous_19)
FN:120,(anonymous_20)
FN:134,(anonymous_21)
FN:150,(anonymous_22)
FN:154,(anonymous_23)
FN:165,(anonymous_24)
FN:190,(anonymous_25)
FN:206,(anonymous_26)
FN:207,(anonymous_27)
FN:215,(anonymous_28)
FN:216,(anonymous_29)
FN:259,(anonymous_30)
FN:265,(anonymous_31)
FNF:24
FNH:11
FNDA:20,MobileSearchBar
FNDA:14,(anonymous_9)
FNDA:14,(anonymous_10)
FNDA:2,(anonymous_11)
FNDA:2,(anonymous_12)
FNDA:0,(anonymous_13)
FNDA:14,(anonymous_14)
FNDA:1,(anonymous_15)
FNDA:1,(anonymous_16)
FNDA:2,(anonymous_17)
FNDA:0,(anonymous_18)
FNDA:0,(anonymous_19)
FNDA:20,(anonymous_20)
FNDA:0,(anonymous_21)
FNDA:1,(anonymous_22)
FNDA:0,(anonymous_23)
FNDA:0,(anonymous_24)
FNDA:0,(anonymous_25)
FNDA:0,(anonymous_26)
FNDA:0,(anonymous_27)
FNDA:0,(anonymous_28)
FNDA:0,(anonymous_29)
FNDA:0,(anonymous_30)
FNDA:0,(anonymous_31)
DA:1,3
DA:3,3
DA:4,3
DA:5,3
DA:6,3
DA:7,3
DA:8,3
DA:9,3
DA:10,3
DA:11,3
DA:12,3
DA:13,3
DA:14,3
DA:16,3
DA:32,20
DA:33,20
DA:34,20
DA:35,20
DA:36,20
DA:37,20
DA:38,20
DA:40,20
DA:41,14
DA:44,20
DA:45,14
DA:46,2
DA:50,20
DA:51,2
DA:52,2
DA:53,2
DA:54,0
DA:55,0
DA:57,2
DA:61,2
DA:65,20
DA:66,14
DA:67,12
DA:68,12
DA:69,12
DA:70,12
DA:72,2
DA:75,20
DA:76,1
DA:77,1
DA:78,1
DA:79,1
DA:80,0
DA:81,0
DA:83,1
DA:87,1
DA:91,20
DA:92,2
DA:93,2
DA:94,1
DA:95,1
DA:96,1
DA:97,1
DA:98,1
DA:99,1
DA:103,20
DA:104,0
DA:105,0
DA:106,0
DA:107,0
DA:110,20
DA:111,0
DA:112,0
DA:113,0
DA:114,0
DA:115,0
DA:116,0
DA:119,20
DA:121,20
DA:134,0
DA:150,1
DA:154,0
DA:165,20
DA:166,0
DA:191,0
DA:192,0
DA:193,0
DA:195,0
DA:206,0
DA:207,0
DA:215,0
DA:216,0
DA:259,20
DA:260,0
DA:261,0
DA:262,0
DA:263,0
DA:266,0
DA:267,0
DA:268,0
DA:272,0
DA:273,0
DA:275,0
DA:290,20
LF:98
LH:63
BRDA:45,0,0,2
BRDA:45,0,1,12
BRDA:45,1,0,14
BRDA:45,1,1,14
BRDA:58,2,0,2
BRDA:58,2,1,0
BRDA:66,3,0,12
BRDA:66,3,1,2
BRDA:84,4,0,1
BRDA:84,4,1,0
BRDA:93,5,0,1
BRDA:93,5,1,1
BRDA:107,6,0,0
BRDA:107,6,1,0
BRDA:107,7,0,0
BRDA:107,7,1,0
BRDA:134,8,0,0
BRDA:134,8,1,0
BRDA:134,9,0,0
BRDA:134,9,1,0
BRDA:192,10,0,0
BRDA:192,10,1,0
BRDA:209,11,0,0
BRDA:209,11,1,0
BRDA:260,12,0,0
BRDA:260,12,1,0
BRDA:261,13,0,0
BRDA:261,13,1,0
BRDA:262,14,0,0
BRDA:262,14,1,0
BRDA:272,15,0,0
BRDA:272,15,1,0
BRDA:272,16,0,0
BRDA:272,16,1,0
BRDA:272,16,2,0
BRDA:272,16,3,0
BRDA:272,16,4,0
BRDA:277,17,0,0
BRDA:277,17,1,0
BRDA:290,18,0,0
BRDA:290,18,1,20
BRF:41
BRH:11
end_of_record
TN:
SF:src/features/search/SearchBar.tsx
FN:5,SearchBar
FNF:1
FNH:1
FNDA:21,SearchBar
DA:1,2
DA:2,2
DA:3,2
DA:5,2
DA:6,21
DA:7,21
LF:6
LH:6
BRDA:7,0,0,6
BRDA:7,0,1,15
BRF:2
BRH:2
end_of_record
TN:
SF:src/hooks/useDebounce.ts
FN:3,useDebounce
FN:6,(anonymous_1)
FN:7,(anonymous_2)
FN:10,(anonymous_3)
FNF:4
FNH:4
FNDA:87,useDebounce
FNDA:57,(anonymous_1)
FNDA:8,(anonymous_2)
FNDA:57,(anonymous_3)
DA:1,5
DA:3,5
DA:4,87
DA:6,87
DA:7,57
DA:8,8
DA:10,57
DA:11,57
DA:15,87
LF:9
LH:9
BRF:0
BRH:0
end_of_record
TN:
SF:src/hooks/useIsMobile.ts
FN:3,useIsMobile
FN:4,(anonymous_1)
FN:5,(anonymous_2)
FN:6,(anonymous_3)
FN:8,(anonymous_4)
FNF:5
FNH:4
FNDA:42,useIsMobile
FNDA:33,(anonymous_1)
FNDA:33,(anonymous_2)
FNDA:0,(anonymous_3)
FNDA:33,(anonymous_4)
DA:1,5
DA:3,5
DA:4,42
DA:5,42
DA:6,33
DA:7,33
DA:8,33
DA:10,42
LF:8
LH:8
BRDA:3,0,0,1
BRF:1
BRH:1
end_of_record
TN:
SF:src/store/searchStore.ts
FN:31,loadHistory
FN:40,saveHistory
FN:46,(anonymous_2)
FN:48,(anonymous_3)
FN:51,(anonymous_4)
FN:53,(anonymous_5)
FN:55,(anonymous_6)
FN:58,(anonymous_7)
FN:60,(anonymous_8)
FN:62,(anonymous_9)
FN:65,(anonymous_10)
FN:68,(anonymous_11)
FN:70,(anonymous_12)
FN:75,(anonymous_13)
FNF:14
FNH:14
FNDA:5,loadHistory
FNDA:38,saveHistory
FNDA:5,(anonymous_2)
FNDA:20,(anonymous_3)
FNDA:40,(anonymous_4)
FNDA:19,(anonymous_5)
FNDA:18,(anonymous_6)
FNDA:18,(anonymous_7)
FNDA:18,(anonymous_8)
FNDA:18,(anonymous_9)
FNDA:18,(anonymous_10)
FNDA:22,(anonymous_11)
FNDA:70,(anonymous_12)
FNDA:18,(anonymous_13)
DA:1,5
DA:29,5
DA:32,5
DA:33,5
DA:34,5
DA:36,0
DA:41,38
DA:42,38
DA:46,5
DA:48,20
DA:51,40
DA:53,19
DA:55,18
DA:58,18
DA:60,18
DA:62,18
DA:65,18
DA:69,22
DA:70,70
DA:71,20
DA:72,20
DA:73,20
DA:76,18
DA:77,18
LF:24
LH:23
BRDA:34,0,0,0
BRDA:34,0,1,5
BRDA:69,1,0,2
BRDA:69,1,1,20
BRF:4
BRH:3
end_of_record
TN:
SF:src/utils/highlightSuggestion.tsx
FN:1,highlightSuggestion
FNF:1
FNH:1
FNDA:11,highlightSuggestion
DA:1,5
DA:2,11
DA:3,10
DA:4,6
DA:5,6
DA:6,6
LF:6
LH:6
BRDA:2,0,0,1
BRDA:2,0,1,10
BRDA:3,1,0,4
BRDA:3,1,1,6
BRF:4
BRH:4
end_of_record
